start : sendRecommendingMail
요청자 : scheduler
발생 일자 : 2016.02.15 04:45:01
실행 시간  : 6초
end : sendRecommendingMail
start : insertBigCategory
요청자 : scheduler
발생 일자 : 2016.02.15 04:59:40
총 대분류 개수 : 30
insert한 대분류 개수 : 0
update한 대분류 개수 : 30
Exception 발생 횟수 : 0
실행 시간  : 1초
end : insertBigCategory
start : sendRecommendingMail
요청자 : scheduler
발생 일자 : 2016.02.15 05:27:00
메일 전송 대상 총 인원 : 3
메일 전송 성공 : 3
메일 전송 실패 : 
실행 시간  : 18초
end : sendRecommendingMail
start : sendRecommendingMail
요청자 : scheduler
발생 일자 : 2016.02.15 05:37:00
메일 전송 대상 총 인원 : 3
메일 전송 성공 : 3
메일 전송 실패 : 
실행 시간  : 15초
end : sendRecommendingMail
start : sendRecommendingMail
요청자 : scheduler
발생 일자 : 2016.02.15 05:47:00
메일 전송 대상 총 인원 : 3
메일 전송 성공 : 3
메일 전송 실패 : 0
실행 시간  : 18초
end : sendRecommendingMail
start : sendRecommendingMail
요청자 : scheduler
발생 일자 : 2016.02.15 05:49:00
메일 전송 대상 총 인원 : 3
메일 전송 성공 : 3
메일 전송 실패 : 0
실행 시간  : 15초
end : sendRecommendingMail
start : sendRecommendingMail
요청자 : scheduler
발생 일자 : 2016.02.15 05:51:01
메일 전송 대상 총 인원 : 3
메일 전송 성공 : 3
메일 전송 실패 : 0
실행 시간  : 14초
end : sendRecommendingMail
start : sendRecommendingMail
요청자 : scheduler
발생 일자 : 2016.02.15 05:57:02
메일 전송 대상 총 인원 : 4
메일 전송 성공 : 4
메일 전송 실패 : 0
실행 시간  : 22초
end : sendRecommendingMail
start : sendRecommendingMail
요청자 : scheduler
발생 일자 : 2016.02.15 06:06:01
메일 전송 대상 총 인원 : 4
메일 전송 성공 : 4
메일 전송 실패 : 0
실행 시간  : 19초
end : sendRecommendingMail
start : insertPosting
요청자 : scheduler
발생 일자 : 2016.02.15 07:20:22
총 소제품 개수 : 11
총 포스팅 개수 : 534
insert한 포스팅 개수 : 320
update한 포스팅 개수 : 0
insert하지 않은 조건에 맞지 않는 포스팅 개수 : 212
update하지 않은 포스팅 개수 : 0
시간지연되어 insert하지 않은 포스팅 개수 : 2
Exception 발생 횟수 : 0
실행 시간  : 2분 6초
end : insertPosting
start : sendRecommendingMail
요청자 : scheduler
발생 일자 : 2016.02.16 03:07:52
실행 시간  : 7초
end : sendRecommendingMail
start : sendRecommendingMail
요청자 : scheduler
발생 일자 : 2016.02.16 03:08:02
실행 시간  : 5초
end : sendRecommendingMail
start : sendRecommendingMail
요청자 : scheduler
발생 일자 : 2016.02.16 03:08:11
실행 시간  : 6초
end : sendRecommendingMail
start : sendRecommendingMail
요청자 : scheduler
발생 일자 : 2016.02.16 03:15:41
실행 시간  : 5초
end : sendRecommendingMail
start : sendRecommendingMail
요청자 : scheduler
발생 일자 : 2016.02.16 03:15:50
실행 시간  : 6초
end : sendRecommendingMail
start : sendRecommendingMail
요청자 : scheduler
발생 일자 : 2016.02.16 03:16:01
실행 시간  : 5초
end : sendRecommendingMail
start : sendRecommendingMail
요청자 : scheduler
발생 일자 : 2016.02.16 03:16:11
실행 시간  : 9초
end : sendRecommendingMail
start : sendRecommendingMail
요청자 : scheduler
발생 일자 : 2016.02.16 03:16:30
start : sendRecommendingMail
요청자 : scheduler
발생 일자 : 2016.02.16 03:17:20
실행 시간  : 12초
end : sendRecommendingMail
start : sendRecommendingMail
요청자 : scheduler
발생 일자 : 2016.02.16 03:17:42
실행 시간  : 10초
end : sendRecommendingMail
start : sendRecommendingMail
요청자 : scheduler
발생 일자 : 2016.02.16 03:18:01
실행 시간  : 10초
end : sendRecommendingMail
start : sendRecommendingMail
요청자 : scheduler
발생 일자 : 2016.02.16 03:18:21
실행 시간  : 9초
end : sendRecommendingMail
start : sendRecommendingMail
요청자 : scheduler
발생 일자 : 2016.02.16 03:18:42
실행 시간  : 13초
end : sendRecommendingMail
start : sendRecommendingMail
요청자 : scheduler
발생 일자 : 2016.02.16 03:23:20
실행 시간  : 10초
end : sendRecommendingMail
start : sendRecommendingMail
요청자 : scheduler
발생 일자 : 2016.02.16 03:23:41
실행 시간  : 11초
end : sendRecommendingMail
start : sendRecommendingMail
요청자 : scheduler
발생 일자 : 2016.02.16 03:24:00
실행 시간  : 10초
end : sendRecommendingMail
start : sendRecommendingMail
요청자 : scheduler
발생 일자 : 2016.02.16 03:34:20
실행 시간  : 11초
end : sendRecommendingMail
start : sendRecommendingMail
요청자 : scheduler
발생 일자 : 2016.02.16 03:34:40
실행 시간  : 10초
end : sendRecommendingMail
start : sendRecommendingMail
요청자 : scheduler
발생 일자 : 2016.02.16 03:34:50
실행 시간  : 10초
end : sendRecommendingMail
start : sendRecommendingMail
요청자 : scheduler
발생 일자 : 2016.02.16 03:38:10
실행 시간  : 10초
end : sendRecommendingMail
start : sendRecommendingMail
요청자 : scheduler
발생 일자 : 2016.02.16 03:38:30
실행 시간  : 10초
end : sendRecommendingMail
start : sendRecommendingMail
요청자 : scheduler
발생 일자 : 2016.02.16 03:38:41
실행 시간  : 9초
end : sendRecommendingMail
start : sendRecommendingMail
요청자 : scheduler
발생 일자 : 2016.02.16 05:55:10
실행 시간  : 6초
end : sendRecommendingMail
start : sendRecommendingMail
요청자 : scheduler
발생 일자 : 2016.02.16 05:55:21
실행 시간  : 6초
end : sendRecommendingMail
start : sendRecommendingMail
요청자 : scheduler
발생 일자 : 2016.02.16 05:55:30
실행 시간  : 5초
end : sendRecommendingMail
start : sendRecommendingMail
요청자 : scheduler
발생 일자 : 2016.02.16 05:55:42
실행 시간  : 5초
end : sendRecommendingMail
start : sendRecommendingMail
요청자 : scheduler
발생 일자 : 2016.02.16 05:55:52
실행 시간  : 5초
end : sendRecommendingMail
start : sendRecommendingMail
요청자 : scheduler
발생 일자 : 2016.02.16 05:56:00
실행 시간  : 5초
end : sendRecommendingMail
start : sendRecommendingMail
요청자 : scheduler
발생 일자 : 2016.02.16 05:56:10
실행 시간  : 5초
end : sendRecommendingMail
start : sendRecommendingMail
요청자 : scheduler
발생 일자 : 2016.02.16 05:56:21
실행 시간  : 5초
end : sendRecommendingMail
start : sendRecommendingMail
요청자 : scheduler
발생 일자 : 2016.02.16 05:56:31
실행 시간  : 5초
end : sendRecommendingMail
start : sendRecommendingMail
요청자 : scheduler
발생 일자 : 2016.02.16 05:56:40
실행 시간  : 5초
end : sendRecommendingMail
start : sendRecommendingMail
요청자 : scheduler
발생 일자 : 2016.02.16 05:56:52
실행 시간  : 10초
end : sendRecommendingMail
start : sendRecommendingMail
요청자 : scheduler
발생 일자 : 2016.02.16 05:57:11
실행 시간  : 10초
end : sendRecommendingMail
start : sendRecommendingMail
요청자 : scheduler
발생 일자 : 2016.02.16 05:57:30
실행 시간  : 5초
end : sendRecommendingMail
start : sendRecommendingMail
요청자 : scheduler
발생 일자 : 2016.02.16 05:57:42
실행 시간  : 5초
end : sendRecommendingMail
start : sendRecommendingMail
요청자 : scheduler
발생 일자 : 2016.02.16 05:57:50
실행 시간  : 5초
end : sendRecommendingMail
start : sendRecommendingMail
요청자 : scheduler
발생 일자 : 2016.02.16 05:58:02
실행 시간  : 5초
end : sendRecommendingMail
start : sendRecommendingMail
요청자 : scheduler
발생 일자 : 2016.02.16 05:58:10
실행 시간  : 5초
end : sendRecommendingMail
start : sendRecommendingMail
요청자 : scheduler
발생 일자 : 2016.02.16 05:58:22
실행 시간  : 5초
end : sendRecommendingMail
start : sendRecommendingMail
요청자 : scheduler
발생 일자 : 2016.02.16 05:58:31
실행 시간  : 6초
end : sendRecommendingMail
start : sendRecommendingMail
요청자 : scheduler
발생 일자 : 2016.02.16 05:58:42
실행 시간  : 5초
end : sendRecommendingMail
start : sendRecommendingMail
요청자 : scheduler
발생 일자 : 2016.02.16 05:58:51
실행 시간  : 5초
end : sendRecommendingMail
start : sendRecommendingMail
요청자 : scheduler
발생 일자 : 2016.02.16 05:59:00
실행 시간  : 6초
end : sendRecommendingMail
start : sendRecommendingMail
요청자 : scheduler
발생 일자 : 2016.02.16 05:59:12
실행 시간  : 5초
end : sendRecommendingMail
start : sendRecommendingMail
요청자 : scheduler
발생 일자 : 2016.02.16 05:59:20
실행 시간  : 5초
end : sendRecommendingMail
start : sendRecommendingMail
요청자 : scheduler
발생 일자 : 2016.02.16 05:59:31
실행 시간  : 5초
end : sendRecommendingMail
start : sendRecommendingMail
요청자 : scheduler
발생 일자 : 2016.02.16 05:59:41
실행 시간  : 5초
end : sendRecommendingMail
start : sendRecommendingMail
요청자 : scheduler
발생 일자 : 2016.02.16 05:59:51
실행 시간  : 7초
end : sendRecommendingMail
start : sendRecommendingMail
요청자 : scheduler
발생 일자 : 2016.02.16 06:00:00
실행 시간  : 11초
end : sendRecommendingMail
start : sendRecommendingMail
요청자 : scheduler
발생 일자 : 2016.02.16 06:00:21
실행 시간  : 10초
end : sendRecommendingMail
start : sendRecommendingMail
요청자 : scheduler
발생 일자 : 2016.02.16 06:00:40
실행 시간  : 10초
end : sendRecommendingMail
start : sendRecommendingMail
요청자 : scheduler
발생 일자 : 2016.02.16 06:01:01
실행 시간  : 10초
end : sendRecommendingMail
start : sendRecommendingMail
요청자 : scheduler
발생 일자 : 2016.02.16 06:01:20
실행 시간  : 10초
end : sendRecommendingMail
start : sendRecommendingMail
요청자 : scheduler
발생 일자 : 2016.02.16 06:01:40
실행 시간  : 10초
end : sendRecommendingMail
start : sendRecommendingMail
요청자 : scheduler
발생 일자 : 2016.02.16 06:01:52
실행 시간  : 10초
end : sendRecommendingMail
start : sendRecommendingMail
요청자 : scheduler
발생 일자 : 2016.02.16 06:02:12
실행 시간  : 10초
end : sendRecommendingMail
start : sendRecommendingMail
요청자 : scheduler
발생 일자 : 2016.02.16 06:02:31
실행 시간  : 10초
end : sendRecommendingMail
start : sendRecommendingMail
요청자 : scheduler
발생 일자 : 2016.02.16 06:02:52
실행 시간  : 10초
end : sendRecommendingMail
start : sendRecommendingMail
요청자 : scheduler
발생 일자 : 2016.02.16 06:03:12
실행 시간  : 10초
end : sendRecommendingMail
start : sendRecommendingMail
요청자 : scheduler
발생 일자 : 2016.02.16 06:03:32
실행 시간  : 10초
end : sendRecommendingMail
start : sendRecommendingMail
요청자 : scheduler
발생 일자 : 2016.02.16 06:03:52
실행 시간  : 10초
end : sendRecommendingMail
start : sendRecommendingMail
요청자 : scheduler
발생 일자 : 2016.02.16 06:04:10
실행 시간  : 10초
end : sendRecommendingMail
start : sendRecommendingMail
요청자 : scheduler
발생 일자 : 2016.02.16 06:04:31
실행 시간  : 10초
end : sendRecommendingMail
start : sendRecommendingMail
요청자 : scheduler
발생 일자 : 2016.02.16 06:04:50
실행 시간  : 10초
end : sendRecommendingMail
start : sendRecommendingMail
요청자 : scheduler
발생 일자 : 2016.02.16 06:05:11
실행 시간  : 10초
end : sendRecommendingMail
start : sendRecommendingMail
요청자 : scheduler
발생 일자 : 2016.02.16 06:05:32
실행 시간  : 10초
end : sendRecommendingMail
start : sendRecommendingMail
요청자 : scheduler
발생 일자 : 2016.02.16 06:05:51
실행 시간  : 10초
end : sendRecommendingMail
start : sendRecommendingMail
요청자 : scheduler
발생 일자 : 2016.02.16 06:06:11
실행 시간  : 10초
end : sendRecommendingMail
start : sendRecommendingMail
요청자 : scheduler
발생 일자 : 2016.02.16 06:06:31
실행 시간  : 10초
end : sendRecommendingMail
start : sendRecommendingMail
요청자 : scheduler
발생 일자 : 2016.02.16 06:06:51
실행 시간  : 10초
end : sendRecommendingMail
start : sendRecommendingMail
요청자 : scheduler
발생 일자 : 2016.02.16 06:07:10
실행 시간  : 10초
end : sendRecommendingMail
start : sendRecommendingMail
요청자 : scheduler
발생 일자 : 2016.02.16 06:07:22
실행 시간  : 9초
end : sendRecommendingMail
start : sendRecommendingMail
요청자 : scheduler
발생 일자 : 2016.02.16 06:07:41
실행 시간  : 9초
end : sendRecommendingMail
start : sendRecommendingMail
요청자 : scheduler
발생 일자 : 2016.02.16 06:08:01
실행 시간  : 9초
end : sendRecommendingMail
start : sendRecommendingMail
요청자 : scheduler
발생 일자 : 2016.02.16 06:08:22
실행 시간  : 9초
end : sendRecommendingMail
start : sendRecommendingMail
요청자 : scheduler
발생 일자 : 2016.02.16 06:08:41
실행 시간  : 9초
end : sendRecommendingMail
start : sendRecommendingMail
요청자 : scheduler
발생 일자 : 2016.02.16 06:08:52
실행 시간  : 10초
end : sendRecommendingMail
start : sendRecommendingMail
요청자 : scheduler
발생 일자 : 2016.02.16 06:09:11
실행 시간  : 10초
end : sendRecommendingMail
start : sendRecommendingMail
요청자 : scheduler
발생 일자 : 2016.02.16 06:09:30
실행 시간  : 9초
end : sendRecommendingMail
start : sendRecommendingMail
요청자 : scheduler
발생 일자 : 2016.02.16 06:09:42
실행 시간  : 10초
end : sendRecommendingMail
start : sendRecommendingMail
요청자 : scheduler
발생 일자 : 2016.02.16 06:10:02
실행 시간  : 9초
end : sendRecommendingMail
start : sendRecommendingMail
요청자 : scheduler
발생 일자 : 2016.02.16 06:10:22
실행 시간  : 10초
end : sendRecommendingMail
start : sendRecommendingMail
요청자 : scheduler
발생 일자 : 2016.02.16 06:10:42
실행 시간  : 10초
end : sendRecommendingMail
start : sendRecommendingMail
요청자 : scheduler
발생 일자 : 2016.02.16 06:11:00
실행 시간  : 9초
end : sendRecommendingMail
start : sendRecommendingMail
요청자 : scheduler
발생 일자 : 2016.02.16 06:11:12
실행 시간  : 10초
end : sendRecommendingMail
start : sendRecommendingMail
요청자 : scheduler
발생 일자 : 2016.02.16 06:11:32
실행 시간  : 10초
end : sendRecommendingMail
start : sendRecommendingMail
요청자 : scheduler
발생 일자 : 2016.02.16 06:11:51
실행 시간  : 10초
end : sendRecommendingMail
start : sendRecommendingMail
요청자 : scheduler
발생 일자 : 2016.02.16 06:12:10
실행 시간  : 10초
end : sendRecommendingMail
start : sendRecommendingMail
요청자 : scheduler
발생 일자 : 2016.02.16 06:12:22
실행 시간  : 9초
end : sendRecommendingMail
start : sendRecommendingMail
요청자 : scheduler
발생 일자 : 2016.02.16 06:12:42
실행 시간  : 9초
end : sendRecommendingMail
start : sendRecommendingMail
요청자 : scheduler
발생 일자 : 2016.02.16 06:13:00
실행 시간  : 10초
end : sendRecommendingMail
start : sendRecommendingMail
요청자 : scheduler
발생 일자 : 2016.02.16 06:13:12
실행 시간  : 9초
end : sendRecommendingMail
start : sendRecommendingMail
요청자 : scheduler
발생 일자 : 2016.02.16 06:13:30
실행 시간  : 9초
end : sendRecommendingMail
start : sendRecommendingMail
요청자 : scheduler
발생 일자 : 2016.02.16 06:13:42
실행 시간  : 9초
end : sendRecommendingMail
start : sendRecommendingMail
요청자 : scheduler
발생 일자 : 2016.02.16 06:14:01
실행 시간  : 9초
end : sendRecommendingMail
start : sendRecommendingMail
요청자 : scheduler
발생 일자 : 2016.02.16 06:14:21
실행 시간  : 9초
end : sendRecommendingMail
start : sendRecommendingMail
요청자 : scheduler
발생 일자 : 2016.02.16 06:14:40
실행 시간  : 9초
end : sendRecommendingMail
start : sendRecommendingMail
요청자 : scheduler
발생 일자 : 2016.02.16 06:14:50
실행 시간  : 9초
end : sendRecommendingMail
start : sendRecommendingMail
요청자 : scheduler
발생 일자 : 2016.02.16 06:15:00
실행 시간  : 9초
end : sendRecommendingMail
start : sendRecommendingMail
요청자 : scheduler
발생 일자 : 2016.02.16 06:15:11
실행 시간  : 9초
end : sendRecommendingMail
start : sendRecommendingMail
요청자 : scheduler
발생 일자 : 2016.02.16 06:15:31
실행 시간  : 10초
end : sendRecommendingMail
start : sendRecommendingMail
요청자 : scheduler
발생 일자 : 2016.02.16 06:15:52
실행 시간  : 9초
end : sendRecommendingMail
start : sendRecommendingMail
요청자 : scheduler
발생 일자 : 2016.02.16 06:16:12
실행 시간  : 10초
end : sendRecommendingMail
start : sendRecommendingMail
요청자 : scheduler
발생 일자 : 2016.02.16 06:16:30
실행 시간  : 9초
end : sendRecommendingMail
start : sendRecommendingMail
요청자 : scheduler
발생 일자 : 2016.02.16 06:16:40
실행 시간  : 10초
end : sendRecommendingMail
start : sendRecommendingMail
요청자 : scheduler
발생 일자 : 2016.02.16 06:17:02
실행 시간  : 10초
end : sendRecommendingMail
start : sendRecommendingMail
요청자 : scheduler
발생 일자 : 2016.02.16 06:17:22
실행 시간  : 10초
end : sendRecommendingMail
start : sendRecommendingMail
요청자 : scheduler
발생 일자 : 2016.02.16 06:17:40
실행 시간  : 9초
end : sendRecommendingMail
start : sendRecommendingMail
요청자 : scheduler
발생 일자 : 2016.02.16 06:17:52
실행 시간  : 9초
end : sendRecommendingMail
start : sendRecommendingMail
요청자 : scheduler
발생 일자 : 2016.02.16 06:18:12
실행 시간  : 10초
end : sendRecommendingMail
start : sendRecommendingMail
요청자 : scheduler
발생 일자 : 2016.02.16 06:18:32
실행 시간  : 9초
end : sendRecommendingMail
start : sendRecommendingMail
요청자 : scheduler
발생 일자 : 2016.02.16 06:18:52
실행 시간  : 10초
end : sendRecommendingMail
start : sendRecommendingMail
요청자 : scheduler
발생 일자 : 2016.02.16 06:19:12
실행 시간  : 10초
end : sendRecommendingMail
start : sendRecommendingMail
요청자 : scheduler
발생 일자 : 2016.02.16 06:19:30
실행 시간  : 10초
end : sendRecommendingMail
start : sendRecommendingMail
요청자 : scheduler
발생 일자 : 2016.02.16 06:19:50
실행 시간  : 10초
end : sendRecommendingMail
start : sendRecommendingMail
요청자 : scheduler
발생 일자 : 2016.02.16 06:20:02
실행 시간  : 9초
end : sendRecommendingMail
start : sendRecommendingMail
요청자 : scheduler
발생 일자 : 2016.02.16 06:20:20
실행 시간  : 10초
end : sendRecommendingMail
start : sendRecommendingMail
요청자 : scheduler
발생 일자 : 2016.02.16 06:20:30
실행 시간  : 9초
end : sendRecommendingMail
start : sendRecommendingMail
요청자 : scheduler
발생 일자 : 2016.02.16 06:20:40
실행 시간  : 10초
end : sendRecommendingMail
start : sendRecommendingMail
요청자 : scheduler
발생 일자 : 2016.02.16 06:20:50
실행 시간  : 11초
end : sendRecommendingMail
start : sendRecommendingMail
요청자 : scheduler
발생 일자 : 2016.02.16 06:21:12
실행 시간  : 10초
end : sendRecommendingMail
start : sendRecommendingMail
요청자 : scheduler
발생 일자 : 2016.02.16 06:21:30
실행 시간  : 9초
end : sendRecommendingMail
start : sendRecommendingMail
요청자 : scheduler
발생 일자 : 2016.02.16 06:21:40
실행 시간  : 9초
end : sendRecommendingMail
start : sendRecommendingMail
요청자 : scheduler
발생 일자 : 2016.02.16 06:21:52
실행 시간  : 9초
end : sendRecommendingMail
start : sendRecommendingMail
요청자 : scheduler
발생 일자 : 2016.02.16 06:22:11
실행 시간  : 9초
end : sendRecommendingMail
start : sendRecommendingMail
요청자 : scheduler
발생 일자 : 2016.02.16 06:22:30
실행 시간  : 9초
end : sendRecommendingMail
start : sendRecommendingMail
요청자 : scheduler
발생 일자 : 2016.02.16 06:22:41
실행 시간  : 9초
end : sendRecommendingMail
start : sendRecommendingMail
요청자 : scheduler
발생 일자 : 2016.02.16 06:22:51
실행 시간  : 9초
end : sendRecommendingMail
start : sendRecommendingMail
요청자 : scheduler
발생 일자 : 2016.02.16 06:23:12
실행 시간  : 10초
end : sendRecommendingMail
start : sendRecommendingMail
요청자 : scheduler
발생 일자 : 2016.02.16 06:23:31
실행 시간  : 10초
end : sendRecommendingMail
start : sendRecommendingMail
요청자 : scheduler
발생 일자 : 2016.02.16 06:23:50
실행 시간  : 10초
end : sendRecommendingMail
start : sendRecommendingMail
요청자 : scheduler
발생 일자 : 2016.02.16 06:24:12
실행 시간  : 10초
end : sendRecommendingMail
start : sendRecommendingMail
요청자 : scheduler
발생 일자 : 2016.02.16 06:24:30
실행 시간  : 10초
end : sendRecommendingMail
start : sendRecommendingMail
요청자 : scheduler
발생 일자 : 2016.02.16 06:24:41
실행 시간  : 10초
end : sendRecommendingMail
start : sendRecommendingMail
요청자 : scheduler
발생 일자 : 2016.02.16 06:25:00
실행 시간  : 9초
end : sendRecommendingMail
start : sendRecommendingMail
요청자 : scheduler
발생 일자 : 2016.02.16 06:25:11
실행 시간  : 10초
end : sendRecommendingMail
start : sendRecommendingMail
요청자 : scheduler
발생 일자 : 2016.02.16 06:25:30
실행 시간  : 12초
end : sendRecommendingMail
start : sendRecommendingMail
요청자 : scheduler
발생 일자 : 2016.02.16 06:25:52
실행 시간  : 9초
end : sendRecommendingMail
start : sendRecommendingMail
요청자 : scheduler
발생 일자 : 2016.02.16 06:26:12
실행 시간  : 9초
end : sendRecommendingMail
start : sendRecommendingMail
요청자 : scheduler
발생 일자 : 2016.02.16 06:26:31
실행 시간  : 9초
end : sendRecommendingMail
start : sendRecommendingMail
요청자 : scheduler
발생 일자 : 2016.02.16 06:26:52
실행 시간  : 9초
end : sendRecommendingMail
start : sendRecommendingMail
요청자 : scheduler
발생 일자 : 2016.02.16 06:27:10
실행 시간  : 9초
end : sendRecommendingMail
start : sendRecommendingMail
요청자 : scheduler
발생 일자 : 2016.02.16 06:27:21
실행 시간  : 9초
end : sendRecommendingMail
start : sendRecommendingMail
요청자 : scheduler
발생 일자 : 2016.02.16 06:27:31
실행 시간  : 9초
end : sendRecommendingMail
start : sendRecommendingMail
요청자 : scheduler
발생 일자 : 2016.02.16 06:27:51
실행 시간  : 9초
end : sendRecommendingMail
start : sendRecommendingMail
요청자 : scheduler
발생 일자 : 2016.02.16 06:28:01
실행 시간  : 9초
end : sendRecommendingMail
start : sendRecommendingMail
요청자 : scheduler
발생 일자 : 2016.02.16 06:28:22
실행 시간  : 10초
end : sendRecommendingMail
start : sendRecommendingMail
요청자 : scheduler
발생 일자 : 2016.02.16 06:28:42
실행 시간  : 10초
end : sendRecommendingMail
start : sendRecommendingMail
요청자 : scheduler
발생 일자 : 2016.02.16 06:29:02
실행 시간  : 10초
end : sendRecommendingMail
start : sendRecommendingMail
요청자 : scheduler
발생 일자 : 2016.02.16 06:29:22
실행 시간  : 9초
end : sendRecommendingMail
start : sendRecommendingMail
요청자 : scheduler
발생 일자 : 2016.02.16 06:29:42
실행 시간  : 9초
end : sendRecommendingMail
start : sendRecommendingMail
요청자 : scheduler
발생 일자 : 2016.02.16 06:30:01
실행 시간  : 12초
end : sendRecommendingMail
start : sendRecommendingMail
요청자 : scheduler
발생 일자 : 2016.02.16 06:30:21
실행 시간  : 10초
end : sendRecommendingMail
start : sendRecommendingMail
요청자 : scheduler
발생 일자 : 2016.02.16 06:30:41
실행 시간  : 10초
end : sendRecommendingMail
start : sendRecommendingMail
요청자 : scheduler
발생 일자 : 2016.02.16 06:31:02
실행 시간  : 5초
end : sendRecommendingMail
start : sendRecommendingMail
요청자 : scheduler
발생 일자 : 2016.02.16 06:31:12
실행 시간  : 5초
end : sendRecommendingMail
start : sendRecommendingMail
요청자 : scheduler
발생 일자 : 2016.02.16 06:31:22
실행 시간  : 5초
end : sendRecommendingMail
start : sendRecommendingMail
요청자 : scheduler
발생 일자 : 2016.02.16 06:31:31
실행 시간  : 4초
end : sendRecommendingMail
start : sendRecommendingMail
요청자 : scheduler
발생 일자 : 2016.02.16 06:31:41
실행 시간  : 4초
end : sendRecommendingMail
start : sendRecommendingMail
요청자 : scheduler
발생 일자 : 2016.02.16 06:31:52
실행 시간  : 4초
end : sendRecommendingMail
start : sendRecommendingMail
요청자 : scheduler
발생 일자 : 2016.02.16 06:32:02
실행 시간  : 5초
end : sendRecommendingMail
start : sendRecommendingMail
요청자 : scheduler
발생 일자 : 2016.02.16 06:32:10
실행 시간  : 5초
end : sendRecommendingMail
start : sendRecommendingMail
요청자 : scheduler
발생 일자 : 2016.02.16 06:32:22
실행 시간  : 5초
end : sendRecommendingMail
start : sendRecommendingMail
요청자 : scheduler
발생 일자 : 2016.02.16 06:32:32
실행 시간  : 5초
end : sendRecommendingMail
start : sendRecommendingMail
요청자 : scheduler
발생 일자 : 2016.02.16 06:32:40
실행 시간  : 5초
end : sendRecommendingMail
start : sendRecommendingMail
요청자 : scheduler
발생 일자 : 2016.02.16 06:32:51
실행 시간  : 5초
end : sendRecommendingMail
start : sendRecommendingMail
요청자 : scheduler
발생 일자 : 2016.02.16 06:33:01
실행 시간  : 5초
end : sendRecommendingMail
start : sendRecommendingMail
요청자 : scheduler
발생 일자 : 2016.02.16 06:33:10
실행 시간  : 6초
end : sendRecommendingMail
start : sendRecommendingMail
요청자 : scheduler
발생 일자 : 2016.02.16 06:33:22
실행 시간  : 5초
end : sendRecommendingMail
start : sendRecommendingMail
요청자 : scheduler
발생 일자 : 2016.02.16 06:33:31
실행 시간  : 5초
end : sendRecommendingMail
start : sendRecommendingMail
요청자 : scheduler
발생 일자 : 2016.02.16 06:33:42
실행 시간  : 5초
end : sendRecommendingMail
start : sendRecommendingMail
요청자 : scheduler
발생 일자 : 2016.02.16 06:33:52
실행 시간  : 5초
end : sendRecommendingMail
start : sendRecommendingMail
요청자 : scheduler
발생 일자 : 2016.02.16 06:34:01
실행 시간  : 5초
end : sendRecommendingMail
start : sendRecommendingMail
요청자 : scheduler
발생 일자 : 2016.02.16 06:34:11
실행 시간  : 5초
end : sendRecommendingMail
start : sendRecommendingMail
요청자 : scheduler
발생 일자 : 2016.02.16 06:34:22
실행 시간  : 5초
end : sendRecommendingMail
start : sendRecommendingMail
요청자 : scheduler
발생 일자 : 2016.02.16 06:34:30
실행 시간  : 5초
end : sendRecommendingMail
start : sendRecommendingMail
요청자 : scheduler
발생 일자 : 2016.02.16 06:34:40
실행 시간  : 13초
end : sendRecommendingMail
start : sendRecommendingMail
요청자 : scheduler
발생 일자 : 2016.02.16 06:35:02
실행 시간  : 5초
end : sendRecommendingMail
start : sendRecommendingMail
요청자 : scheduler
발생 일자 : 2016.02.16 06:35:12
실행 시간  : 5초
end : sendRecommendingMail
start : sendRecommendingMail
요청자 : scheduler
발생 일자 : 2016.02.16 06:35:22
실행 시간  : 5초
end : sendRecommendingMail
start : sendRecommendingMail
요청자 : scheduler
발생 일자 : 2016.02.16 06:35:30
실행 시간  : 5초
end : sendRecommendingMail
start : sendRecommendingMail
요청자 : scheduler
발생 일자 : 2016.02.16 06:35:41
실행 시간  : 5초
end : sendRecommendingMail
start : sendRecommendingMail
요청자 : scheduler
발생 일자 : 2016.02.16 06:35:52
실행 시간  : 5초
end : sendRecommendingMail
start : sendRecommendingMail
요청자 : scheduler
발생 일자 : 2016.02.16 06:36:00
실행 시간  : 5초
end : sendRecommendingMail
start : sendRecommendingMail
요청자 : scheduler
발생 일자 : 2016.02.16 06:36:11
실행 시간  : 5초
end : sendRecommendingMail
start : sendRecommendingMail
요청자 : scheduler
발생 일자 : 2016.02.16 06:36:22
실행 시간  : 5초
end : sendRecommendingMail
start : sendRecommendingMail
요청자 : scheduler
발생 일자 : 2016.02.16 06:36:31
실행 시간  : 5초
end : sendRecommendingMail
start : sendRecommendingMail
요청자 : scheduler
발생 일자 : 2016.02.16 06:36:41
실행 시간  : 5초
end : sendRecommendingMail
start : sendRecommendingMail
요청자 : scheduler
발생 일자 : 2016.02.16 06:36:50
실행 시간  : 6초
end : sendRecommendingMail
start : insertPosting
요청자 : scheduler
발생 일자 : 2016.02.18 05:17:55
총 소제품 개수 : 11
총 포스팅 개수 : 534
insert한 포스팅 개수 : 5
update한 포스팅 개수 : 22
insert하지 않은 조건에 맞지 않는 포스팅 개수 : 210
update하지 않은 포스팅 개수 : 295
시간지연되어 insert하지 않은 포스팅 개수 : 2
Exception 발생 횟수 : 0
실행 시간  : 58초
end : insertPosting
start : insertPosting
요청자 : scheduler
발생 일자 : 2016.02.18 05:23:52
총 소제품 개수 : 12
총 포스팅 개수 : 557
insert한 포스팅 개수 : 7
update한 포스팅 개수 : 22
insert하지 않은 조건에 맞지 않는 포스팅 개수 : 226
update하지 않은 포스팅 개수 : 300
시간지연되어 insert하지 않은 포스팅 개수 : 2
Exception 발생 횟수 : 0
실행 시간  : 53초
end : insertPosting
